# JRE version: Java(TM) SE Runtime Environment (8.0_231-b11) (build 1.8.0_231-b11)
# Java VM: Java HotSpot(TM) 64-Bit Server VM (25.231-b11 mixed mode windows-amd64 compressed oops)
Heap:
 PSYoungGen      total 148992K, used 36653K [0x00000000d6500000, 0x00000000e2e80000, 0x0000000100000000)
  eden space 137216K, 26% used [0x00000000d6500000,0x00000000d88cb750,0x00000000deb00000)
  from space 11776K, 0% used [0x00000000df880000,0x00000000df880000,0x00000000e0400000)
  to   space 13824K, 0% used [0x00000000deb00000,0x00000000deb00000,0x00000000df880000)
 ParOldGen       total 101376K, used 19094K [0x0000000082e00000, 0x0000000089100000, 0x00000000d6500000)
  object space 101376K, 18% used [0x0000000082e00000,0x00000000840a5810,0x0000000089100000)
 Metaspace       used 38893K, capacity 39356K, committed 39720K, reserved 1083392K
  class space    used 5002K, capacity 5135K, committed 5160K, reserved 1048576K
GC Heap History (10 events):
Event: 1.362 GC heap before
{Heap before GC invocations=6 (full 1):
 PSYoungGen      total 70656K, used 5109K [0x00000000d6500000, 0x00000000dfa00000, 0x0000000100000000)
  eden space 65536K, 0% used [0x00000000d6500000,0x00000000d6500000,0x00000000da500000)
  from space 5120K, 99% used [0x00000000da500000,0x00000000da9fd710,0x00000000daa00000)
  to   space 10752K, 0% used [0x00000000def80000,0x00000000def80000,0x00000000dfa00000)
 ParOldGen       total 86016K, used 9125K [0x0000000082e00000, 0x0000000088200000, 0x00000000d6500000)
  object space 86016K, 10% used [0x0000000082e00000,0x00000000836e9438,0x0000000088200000)
 Metaspace       used 20873K, capacity 21110K, committed 21296K, reserved 1069056K
  class space    used 2538K, capacity 2633K, committed 2688K, reserved 1048576K
Event: 1.390 GC heap after
Heap after GC invocations=6 (full 1):
 PSYoungGen      total 70656K, used 0K [0x00000000d6500000, 0x00000000dfa00000, 0x0000000100000000)
  eden space 65536K, 0% used [0x00000000d6500000,0x00000000d6500000,0x00000000da500000)
  from space 5120K, 0% used [0x00000000da500000,0x00000000da500000,0x00000000daa00000)
  to   space 10752K, 0% used [0x00000000def80000,0x00000000def80000,0x00000000dfa00000)
 ParOldGen       total 63488K, used 9822K [0x0000000082e00000, 0x0000000086c00000, 0x00000000d6500000)
  object space 63488K, 15% used [0x0000000082e00000,0x0000000083797950,0x0000000086c00000)
 Metaspace       used 20873K, capacity 21110K, committed 21296K, reserved 1069056K
  class space    used 2538K, capacity 2633K, committed 2688K, reserved 1048576K
}
Event: 1.881 GC heap before
{Heap before GC invocations=7 (full 1):
 PSYoungGen      total 70656K, used 65536K [0x00000000d6500000, 0x00000000dfa00000, 0x0000000100000000)
  eden space 65536K, 100% used [0x00000000d6500000,0x00000000da500000,0x00000000da500000)
  from space 5120K, 0% used [0x00000000da500000,0x00000000da500000,0x00000000daa00000)
  to   space 10752K, 0% used [0x00000000def80000,0x00000000def80000,0x00000000dfa00000)
 ParOldGen       total 63488K, used 9822K [0x0000000082e00000, 0x0000000086c00000, 0x00000000d6500000)
  object space 63488K, 15% used [0x0000000082e00000,0x0000000083797950,0x0000000086c00000)
 Metaspace       used 23883K, capacity 24270K, committed 24576K, reserved 1071104K
  class space    used 2957K, capacity 3069K, committed 3072K, reserved 1048576K
Event: 1.885 GC heap after
Heap after GC invocations=7 (full 1):
 PSYoungGen      total 101888K, used 4914K [0x00000000d6500000, 0x00000000df480000, 0x0000000100000000)
  eden space 96768K, 0% used [0x00000000d6500000,0x00000000d6500000,0x00000000dc380000)
  from space 5120K, 95% used [0x00000000def80000,0x00000000df44c9f8,0x00000000df480000)
  to   space 10752K, 0% used [0x00000000ddf80000,0x00000000ddf80000,0x00000000dea00000)
 ParOldGen       total 63488K, used 9830K [0x0000000082e00000, 0x0000000086c00000, 0x00000000d6500000)
  object space 63488K, 15% used [0x0000000082e00000,0x0000000083799950,0x0000000086c00000)
 Metaspace       used 23883K, capacity 24270K, committed 24576K, reserved 1071104K
  class space    used 2957K, capacity 3069K, committed 3072K, reserved 1048576K
}
Event: 2.699 GC heap before
{Heap before GC invocations=8 (full 1):
 PSYoungGen      total 101888K, used 101682K [0x00000000d6500000, 0x00000000df480000, 0x0000000100000000)
  eden space 96768K, 100% used [0x00000000d6500000,0x00000000dc380000,0x00000000dc380000)
  from space 5120K, 95% used [0x00000000def80000,0x00000000df44c9f8,0x00000000df480000)
  to   space 10752K, 0% used [0x00000000ddf80000,0x00000000ddf80000,0x00000000dea00000)
 ParOldGen       total 63488K, used 9830K [0x0000000082e00000, 0x0000000086c00000, 0x00000000d6500000)
  object space 63488K, 15% used [0x0000000082e00000,0x0000000083799950,0x0000000086c00000)
 Metaspace       used 29413K, capacity 29766K, committed 29952K, reserved 1075200K
  class space    used 3711K, capacity 3806K, committed 3840K, reserved 1048576K
Event: 2.705 GC heap after
Heap after GC invocations=8 (full 1):
 PSYoungGen      total 136192K, used 10016K [0x00000000d6500000, 0x00000000e0400000, 0x0000000100000000)
  eden space 125440K, 0% used [0x00000000d6500000,0x00000000d6500000,0x00000000ddf80000)
  from space 10752K, 93% used [0x00000000ddf80000,0x00000000de948180,0x00000000dea00000)
  to   space 11776K, 0% used [0x00000000df880000,0x00000000df880000,0x00000000e0400000)
 ParOldGen       total 63488K, used 9838K [0x0000000082e00000, 0x0000000086c00000, 0x00000000d6500000)
  object space 63488K, 15% used [0x0000000082e00000,0x000000008379b950,0x0000000086c00000)
 Metaspace       used 29413K, capacity 29766K, committed 29952K, reserved 1075200K
  class space    used 3711K, capacity 3806K, committed 3840K, reserved 1048576K
}
Event: 3.327 GC heap before
{Heap before GC invocations=9 (full 1):
 PSYoungGen      total 136192K, used 100401K [0x00000000d6500000, 0x00000000e0400000, 0x0000000100000000)
  eden space 125440K, 72% used [0x00000000d6500000,0x00000000dbd44430,0x00000000ddf80000)
  from space 10752K, 93% used [0x00000000ddf80000,0x00000000de948180,0x00000000dea00000)
  to   space 11776K, 0% used [0x00000000df880000,0x00000000df880000,0x00000000e0400000)
 ParOldGen       total 63488K, used 9838K [0x0000000082e00000, 0x0000000086c00000, 0x00000000d6500000)
  object space 63488K, 15% used [0x0000000082e00000,0x000000008379b950,0x0000000086c00000)
 Metaspace       used 34933K, capacity 35382K, committed 35496K, reserved 1081344K
  class space    used 4362K, capacity 4494K, committed 4520K, reserved 1048576K
Event: 3.335 GC heap after
Heap after GC invocations=9 (full 1):
 PSYoungGen      total 148992K, used 11768K [0x00000000d6500000, 0x00000000e2e80000, 0x0000000100000000)
  eden space 137216K, 0% used [0x00000000d6500000,0x00000000d6500000,0x00000000deb00000)
  from space 11776K, 99% used [0x00000000df880000,0x00000000e03fe178,0x00000000e0400000)
  to   space 13824K, 0% used [0x00000000deb00000,0x00000000deb00000,0x00000000df880000)
 ParOldGen       total 63488K, used 10836K [0x0000000082e00000, 0x0000000086c00000, 0x00000000d6500000)
  object space 63488K, 17% used [0x0000000082e00000,0x0000000083895198,0x0000000086c00000)
 Metaspace       used 34933K, capacity 35382K, committed 35496K, reserved 1081344K
  class space    used 4362K, capacity 4494K, committed 4520K, reserved 1048576K
}
Event: 3.335 GC heap before
{Heap before GC invocations=10 (full 2):
 PSYoungGen      total 148992K, used 11768K [0x00000000d6500000, 0x00000000e2e80000, 0x0000000100000000)
  eden space 137216K, 0% used [0x00000000d6500000,0x00000000d6500000,0x00000000deb00000)
  from space 11776K, 99% used [0x00000000df880000,0x00000000e03fe178,0x00000000e0400000)
  to   space 13824K, 0% used [0x00000000deb00000,0x00000000deb00000,0x00000000df880000)
 ParOldGen       total 63488K, used 10836K [0x0000000082e00000, 0x0000000086c00000, 0x00000000d6500000)
  object space 63488K, 17% used [0x0000000082e00000,0x0000000083895198,0x0000000086c00000)
 Metaspace       used 34933K, capacity 35382K, committed 35496K, reserved 1081344K
  class space    used 4362K, capacity 4494K, committed 4520K, reserved 1048576K
Event: 3.383 GC heap after
Heap after GC invocations=10 (full 2):
 PSYoungGen      total 148992K, used 0K [0x00000000d6500000, 0x00000000e2e80000, 0x0000000100000000)
  eden space 137216K, 0% used [0x00000000d6500000,0x00000000d6500000,0x00000000deb00000)
  from space 11776K, 0% used [0x00000000df880000,0x00000000df880000,0x00000000e0400000)
  to   space 13824K, 0% used [0x00000000deb00000,0x00000000deb00000,0x00000000df880000)
 ParOldGen       total 101376K, used 19094K [0x0000000082e00000, 0x0000000089100000, 0x00000000d6500000)
  object space 101376K, 18% used [0x0000000082e00000,0x00000000840a5810,0x0000000089100000)
 Metaspace       used 34933K, capacity 35382K, committed 35496K, reserved 1081344K
  class space    used 4362K, capacity 4494K, committed 4520K, reserved 1048576K
}

